0 silly argv { _: [ 'publish' ],
0 silly argv   help: false,
0 silly argv   h: false,
0 silly argv   version: false,
0 silly argv   v: false,
0 silly argv   'reject-cycles': undefined,
0 silly argv   rejectCycles: undefined,
0 silly argv   progress: undefined,
0 silly argv   sort: undefined,
0 silly argv   ci: false,
0 silly argv   'conventional-commits': undefined,
0 silly argv   conventionalCommits: undefined,
0 silly argv   exact: undefined,
0 silly argv   'skip-git': undefined,
0 silly argv   skipGit: undefined,
0 silly argv   'skip-npm': undefined,
0 silly argv   skipNpm: undefined,
0 silly argv   'temp-tag': undefined,
0 silly argv   tempTag: undefined,
0 silly argv   yes: undefined,
0 silly argv   'changelog-preset': undefined,
0 silly argv   changelogPreset: undefined,
0 silly argv   lernaVersion: '3.0.0-beta.21',
0 silly argv   '$0': 'lerna',
0 silly argv   loglevel: undefined,
0 silly argv   concurrency: undefined,
0 silly argv   'max-buffer': undefined,
0 silly argv   'allow-branch': undefined,
0 silly argv   canary: undefined,
0 silly argv   'cd-version': undefined,
0 silly argv   'git-remote': undefined,
0 silly argv   'ignore-changes': undefined,
0 silly argv   message: undefined,
0 silly argv   'npm-tag': undefined,
0 silly argv   'npm-client': undefined,
0 silly argv   registry: undefined,
0 silly argv   preid: undefined,
0 silly argv   'repo-version': undefined,
0 silly argv   ignore: undefined }
1 info version 3.0.0-beta.21
2 verbose rootPath /home/agory/Project/stage/rn-debugger
3 info current version 0.5.0
4 silly currentBranch
5 verbose currentBranch lerna-jest-global
6 silly isBehindUpstream
7 silly isBehindUpstream lerna-jest-global is behind origin/lerna-jest-global by 0 commit(s) and ahead by 0
8 info Checking for updated packages...
9 silly hasTags
10 verbose hasTags true
11 error Error: Command failed: git describe --abbrev=0
11 error fatal: No tags can describe '5d37f5c740f240edd27ffe26ad5a611d0d1aa952'.
11 error Try --always, or create some tags.
11 error
11 error
11 error     at makeError (/home/agory/.nvm/versions/node/v10.3.0/lib/node_modules/lerna/node_modules/execa/index.js:172:9)
11 error     at Function.module.exports.sync (/home/agory/.nvm/versions/node/v10.3.0/lib/node_modules/lerna/node_modules/execa/index.js:341:15)
11 error     at Object.execSync (/home/agory/.nvm/versions/node/v10.3.0/lib/node_modules/lerna/node_modules/@lerna/child-process/index.js:22:16)
11 error     at collectUpdates (/home/agory/.nvm/versions/node/v10.3.0/lib/node_modules/lerna/node_modules/@lerna/collect-updates/collect-updates.js:38:33)
11 error     at PublishCommand.initialize (/home/agory/.nvm/versions/node/v10.3.0/lib/node_modules/lerna/node_modules/@lerna/publish/index.js:127:20)
